<?xml version="1.0" encoding="UTF-8"?>
<testsuite xmlns:xsi="http://www.w3.org/2001/XMLSchema-instance" xsi:noNamespaceSchemaLocation="https://maven.apache.org/surefire/maven-surefire-plugin/xsd/surefire-test-report.xsd" version="3.0.2" name="com.example.MyControllerTest" time="3.788" tests="4" errors="0" skipped="0" failures="0">
  <properties>
[...]
</properties>
  <testcase name="testCustomFilterGetSecured" classname="com.example.MyControllerTest" time="1.013">
    <system-out><![CDATA[22:38:18.957 [main] INFO org.springframework.boot.devtools.restart.RestartApplicationListener -- Restart disabled due to context in which it is running

  .   ____          _            __ _ _
 /\\ / ___'_ __ _ _(_)_ __  __ _ \ \ \ \
( ( )\___ | '_ | '_| | '_ \/ _` | \ \ \ \
 \\/  ___)| |_)| | | | | || (_| |  ) ) ) )
  '  |____| .__|_| |_|_| |_\__, | / / / /
 =========|_|==============|___/=/_/_/_/

 :: Spring Boot ::                (v3.4.2)

2026-02-08T22:38:19.536Z  INFO 2272 --- [           main] com.example.MyControllerTest             : Starting MyControllerTest using Java 21.0.8 with PID 2272 (started by samsn in C:\Users\samsn\Desktop\Software projects\JavaPlayground\Spring security examples\SpringSecurity6CustomFilter\demo)
2026-02-08T22:38:19.538Z  INFO 2272 --- [           main] com.example.MyControllerTest             : No active profile set, falling back to 1 default profile: "default"
2026-02-08T22:38:20.857Z TRACE 2272 --- [           main] eGlobalAuthenticationAutowiredConfigurer : Eagerly initializing {org.springframework.boot.autoconfigure.security.servlet.SpringBootWebSecurityConfiguration$WebSecurityEnablerConfiguration=org.springframework.boot.autoconfigure.security.servlet.SpringBootWebSecurityConfiguration$WebSecurityEnablerConfiguration@18371d89}
2026-02-08T22:38:20.878Z  WARN 2272 --- [           main] .s.s.UserDetailsServiceAutoConfiguration : 

Using generated security password: 4d941e41-d3bb-4b71-81c2-93ad05c4aefc

This generated password is for development use only. Your security configuration must be updated before running your application in production.

2026-02-08T22:38:20.906Z  INFO 2272 --- [           main] r$InitializeUserDetailsManagerConfigurer : Global AuthenticationManager configured with UserDetailsService bean with name inMemoryUserDetailsManager
2026-02-08T22:38:21.063Z DEBUG 2272 --- [           main] o.s.s.web.DefaultSecurityFilterChain     : Will secure any request with filters: DisableEncodeUrlFilter, WebAsyncManagerIntegrationFilter, SecurityContextHolderFilter, HeaderWriterFilter, CsrfFilter, LogoutFilter, UsernamePasswordAuthenticationFilter, DefaultResourcesFilter, DefaultLoginPageGeneratingFilter, DefaultLogoutPageGeneratingFilter, BasicAuthenticationFilter, RequestCacheAwareFilter, SecurityContextHolderAwareRequestFilter, AnonymousAuthenticationFilter, ExceptionTranslationFilter, AuthorizationFilter
2026-02-08T22:38:21.173Z  INFO 2272 --- [           main] o.s.b.t.m.w.SpringBootMockServletContext : Initializing Spring TestDispatcherServlet ''
2026-02-08T22:38:21.174Z  INFO 2272 --- [           main] o.s.t.web.servlet.TestDispatcherServlet  : Initializing Servlet ''
2026-02-08T22:38:21.176Z  INFO 2272 --- [           main] o.s.t.web.servlet.TestDispatcherServlet  : Completed initialization in 2 ms
2026-02-08T22:38:21.205Z  INFO 2272 --- [           main] com.example.MyControllerTest             : Started MyControllerTest in 2.266 seconds (process running for 3.449)
2026-02-08T22:38:22.117Z  INFO 2272 --- [           main] o.s.b.t.m.w.SpringBootMockServletContext : Initializing Spring TestDispatcherServlet ''
2026-02-08T22:38:22.117Z  INFO 2272 --- [           main] o.s.t.web.servlet.TestDispatcherServlet  : Initializing Servlet ''
2026-02-08T22:38:22.118Z  INFO 2272 --- [           main] o.s.t.web.servlet.TestDispatcherServlet  : Completed initialization in 1 ms
2026-02-08T22:38:22.132Z  INFO 2272 --- [           main] com.example.CustomFilter                 : CustomFilter running, required parameter was found... allowing request to proceed
]]></system-out>
    <system-err><![CDATA[Mockito is currently self-attaching to enable the inline-mock-maker. This will no longer work in future releases of the JDK. Please add Mockito as an agent to your build what is described in Mockito's documentation: https://javadoc.io/doc/org.mockito/mockito-core/latest/org/mockito/Mockito.html#0.3
WARNING: A Java agent has been loaded dynamically (C:\Users\samsn\.m2\repository\net\bytebuddy\byte-buddy-agent\1.15.11\byte-buddy-agent-1.15.11.jar)
WARNING: If a serviceability tool is in use, please run with -XX:+EnableDynamicAgentLoading to hide this warning
WARNING: If a serviceability tool is not in use, please run with -Djdk.instrument.traceUsage for more information
WARNING: Dynamic loading of agents will be disallowed by default in a future release
]]></system-err>
  </testcase>
  <testcase name="testCustomFilterPostIsDenied" classname="com.example.MyControllerTest" time="0.013">
    <system-out><![CDATA[2026-02-08T22:38:22.232Z  INFO 2272 --- [           main] o.s.b.t.m.w.SpringBootMockServletContext : Initializing Spring TestDispatcherServlet ''
2026-02-08T22:38:22.232Z  INFO 2272 --- [           main] o.s.t.web.servlet.TestDispatcherServlet  : Initializing Servlet ''
2026-02-08T22:38:22.233Z  INFO 2272 --- [           main] o.s.t.web.servlet.TestDispatcherServlet  : Completed initialization in 1 ms
2026-02-08T22:38:22.240Z  INFO 2272 --- [           main] com.example.CustomFilter                 : CustomFilter running, required parameter was not found! Denying request
]]></system-out>
  </testcase>
  <testcase name="testCustomFilterGetUnsecured" classname="com.example.MyControllerTest" time="0.008">
    <system-out><![CDATA[2026-02-08T22:38:22.247Z  INFO 2272 --- [           main] o.s.b.t.m.w.SpringBootMockServletContext : Initializing Spring TestDispatcherServlet ''
2026-02-08T22:38:22.248Z  INFO 2272 --- [           main] o.s.t.web.servlet.TestDispatcherServlet  : Initializing Servlet ''
2026-02-08T22:38:22.248Z  INFO 2272 --- [           main] o.s.t.web.servlet.TestDispatcherServlet  : Completed initialization in 0 ms
2026-02-08T22:38:22.249Z  INFO 2272 --- [           main] com.example.CustomFilter                 : CustomFilter running, required parameter was found... allowing request to proceed
]]></system-out>
  </testcase>
  <testcase name="testCustomFilterPost" classname="com.example.MyControllerTest" time="0.008">
    <system-out><![CDATA[2026-02-08T22:38:22.256Z  INFO 2272 --- [           main] o.s.b.t.m.w.SpringBootMockServletContext : Initializing Spring TestDispatcherServlet ''
2026-02-08T22:38:22.257Z  INFO 2272 --- [           main] o.s.t.web.servlet.TestDispatcherServlet  : Initializing Servlet ''
2026-02-08T22:38:22.257Z  INFO 2272 --- [           main] o.s.t.web.servlet.TestDispatcherServlet  : Completed initialization in 0 ms
2026-02-08T22:38:22.259Z  INFO 2272 --- [           main] com.example.CustomFilter                 : CustomFilter running, required parameter was found... allowing request to proceed
]]></system-out>
  </testcase>
</testsuite>