<?xml version="1.0" encoding="UTF-8"?>
<testsuite xmlns:xsi="http://www.w3.org/2001/XMLSchema-instance" xsi:noNamespaceSchemaLocation="https://maven.apache.org/surefire/maven-surefire-plugin/xsd/surefire-test-report.xsd" version="3.0.2" name="com.example.MyControllerTest" time="10.76" tests="4" errors="0" skipped="0" failures="0">
  <properties>
[...]
</properties>
  <testcase name="testCustomFilterGetSecured" classname="com.example.MyControllerTest" time="2.666">
    <system-out><![CDATA[07:16:59.494 [main] INFO org.springframework.boot.devtools.restart.RestartApplicationListener -- Restart disabled due to context in which it is running

  .   ____          _            __ _ _
 /\\ / ___'_ __ _ _(_)_ __  __ _ \ \ \ \
( ( )\___ | '_ | '_| | '_ \/ _` | \ \ \ \
 \\/  ___)| |_)| | | | | || (_| |  ) ) ) )
  '  |____| .__|_| |_|_| |_\__, | / / / /
 =========|_|==============|___/=/_/_/_/

 :: Spring Boot ::                (v3.4.2)

2025-02-04T07:17:00.837Z  INFO 26916 --- [           main] com.example.MyControllerTest             : Starting MyControllerTest using Java 17.0.12 with PID 26916 (started by SamSnowball in C:\Users\SamSnowball\Desktop\Projects\JavaPlayground\Spring security examples\SpringSecurity6CustomFilter\demo)
2025-02-04T07:17:00.843Z  INFO 26916 --- [           main] com.example.MyControllerTest             : No active profile set, falling back to 1 default profile: "default"
2025-02-04T07:17:05.241Z TRACE 26916 --- [           main] eGlobalAuthenticationAutowiredConfigurer : Eagerly initializing {org.springframework.boot.autoconfigure.security.servlet.SpringBootWebSecurityConfiguration$WebSecurityEnablerConfiguration=org.springframework.boot.autoconfigure.security.servlet.SpringBootWebSecurityConfiguration$WebSecurityEnablerConfiguration@5a0bef24}
2025-02-04T07:17:05.261Z  WARN 26916 --- [           main] .s.s.UserDetailsServiceAutoConfiguration : 

Using generated security password: 1c7d5937-efa7-4955-b4c9-4ce5c10ecfd2

This generated password is for development use only. Your security configuration must be updated before running your application in production.

2025-02-04T07:17:05.349Z  INFO 26916 --- [           main] r$InitializeUserDetailsManagerConfigurer : Global AuthenticationManager configured with UserDetailsService bean with name inMemoryUserDetailsManager
2025-02-04T07:17:06.075Z DEBUG 26916 --- [           main] o.s.s.web.DefaultSecurityFilterChain     : Will secure any request with filters: DisableEncodeUrlFilter, WebAsyncManagerIntegrationFilter, SecurityContextHolderFilter, HeaderWriterFilter, CsrfFilter, LogoutFilter, UsernamePasswordAuthenticationFilter, DefaultResourcesFilter, DefaultLoginPageGeneratingFilter, DefaultLogoutPageGeneratingFilter, BasicAuthenticationFilter, RequestCacheAwareFilter, SecurityContextHolderAwareRequestFilter, AnonymousAuthenticationFilter, ExceptionTranslationFilter, AuthorizationFilter
2025-02-04T07:17:06.434Z  INFO 26916 --- [           main] o.s.b.t.m.w.SpringBootMockServletContext : Initializing Spring TestDispatcherServlet ''
2025-02-04T07:17:06.434Z  INFO 26916 --- [           main] o.s.t.web.servlet.TestDispatcherServlet  : Initializing Servlet ''
2025-02-04T07:17:06.441Z  INFO 26916 --- [           main] o.s.t.web.servlet.TestDispatcherServlet  : Completed initialization in 5 ms
2025-02-04T07:17:06.535Z  INFO 26916 --- [           main] com.example.MyControllerTest             : Started MyControllerTest in 7.086 seconds (process running for 9.288)
2025-02-04T07:17:08.942Z  INFO 26916 --- [           main] o.s.b.t.m.w.SpringBootMockServletContext : Initializing Spring TestDispatcherServlet ''
2025-02-04T07:17:08.942Z  INFO 26916 --- [           main] o.s.t.web.servlet.TestDispatcherServlet  : Initializing Servlet ''
2025-02-04T07:17:08.946Z  INFO 26916 --- [           main] o.s.t.web.servlet.TestDispatcherServlet  : Completed initialization in 3 ms
2025-02-04T07:17:08.991Z  INFO 26916 --- [           main] com.example.CustomFilter                 : Recieved requiredParameter was: true
]]></system-out>
  </testcase>
  <testcase name="testCustomFilterPostIsDenied" classname="com.example.MyControllerTest" time="0.043">
    <system-out><![CDATA[2025-02-04T07:17:09.237Z  INFO 26916 --- [           main] o.s.b.t.m.w.SpringBootMockServletContext : Initializing Spring TestDispatcherServlet ''
2025-02-04T07:17:09.238Z  INFO 26916 --- [           main] o.s.t.web.servlet.TestDispatcherServlet  : Initializing Servlet ''
2025-02-04T07:17:09.239Z  INFO 26916 --- [           main] o.s.t.web.servlet.TestDispatcherServlet  : Completed initialization in 1 ms
2025-02-04T07:17:09.266Z  INFO 26916 --- [           main] com.example.CustomFilter                 : Recieved requiredParameter was: null
]]></system-out>
  </testcase>
  <testcase name="testCustomFilterGetUnsecured" classname="com.example.MyControllerTest" time="0.022">
    <system-out><![CDATA[2025-02-04T07:17:09.286Z  INFO 26916 --- [           main] o.s.b.t.m.w.SpringBootMockServletContext : Initializing Spring TestDispatcherServlet ''
2025-02-04T07:17:09.287Z  INFO 26916 --- [           main] o.s.t.web.servlet.TestDispatcherServlet  : Initializing Servlet ''
2025-02-04T07:17:09.289Z  INFO 26916 --- [           main] o.s.t.web.servlet.TestDispatcherServlet  : Completed initialization in 1 ms
2025-02-04T07:17:09.291Z  INFO 26916 --- [           main] com.example.CustomFilter                 : Recieved requiredParameter was: true
]]></system-out>
  </testcase>
  <testcase name="testCustomFilterPost" classname="com.example.MyControllerTest" time="0.029">
    <system-out><![CDATA[2025-02-04T07:17:09.321Z  INFO 26916 --- [           main] o.s.b.t.m.w.SpringBootMockServletContext : Initializing Spring TestDispatcherServlet ''
2025-02-04T07:17:09.322Z  INFO 26916 --- [           main] o.s.t.web.servlet.TestDispatcherServlet  : Initializing Servlet ''
2025-02-04T07:17:09.323Z  INFO 26916 --- [           main] o.s.t.web.servlet.TestDispatcherServlet  : Completed initialization in 0 ms
2025-02-04T07:17:09.326Z  INFO 26916 --- [           main] com.example.CustomFilter                 : Recieved requiredParameter was: true
]]></system-out>
  </testcase>
</testsuite>