<?xml version="1.0" encoding="UTF-8"?>
<testsuite xmlns:xsi="http://www.w3.org/2001/XMLSchema-instance" xsi:noNamespaceSchemaLocation="https://maven.apache.org/surefire/maven-surefire-plugin/xsd/surefire-test-report.xsd" version="3.0.2" name="com.example.service.CompletableFutureTest" time="28.874" tests="6" errors="0" skipped="0" failures="0">
  <properties>
[...]
</properties>
  <testcase name="testAsynchronousContinuationMethods" classname="com.example.service.CompletableFutureTest" time="0.951">
    <system-out><![CDATA[15:54:49.566 [main] INFO org.springframework.test.context.support.AnnotationConfigContextLoaderUtils -- Could not detect default configuration classes for test class [com.example.service.CompletableFutureTest]: CompletableFutureTest does not declare any static, non-private, non-final, nested classes annotated with @Configuration.
15:54:49.730 [main] INFO org.springframework.boot.test.context.SpringBootTestContextBootstrapper -- Found @SpringBootConfiguration com.example.DemoApplication for test class com.example.service.CompletableFutureTest
15:54:49.981 [main] INFO org.springframework.boot.devtools.restart.RestartApplicationListener -- Restart disabled due to context in which it is running

  .   ____          _            __ _ _
 /\\ / ___'_ __ _ _(_)_ __  __ _ \ \ \ \
( ( )\___ | '_ | '_| | '_ \/ _` | \ \ \ \
 \\/  ___)| |_)| | | | | || (_| |  ) ) ) )
  '  |____| .__|_| |_|_| |_\__, | / / / /
 =========|_|==============|___/=/_/_/_/

&amp#27;[32m :: Spring Boot :: &amp#27;[39m              &amp#27;[2m (v3.4.2)&amp#27;[0;39m

&amp#27;[36m15:54:50&amp#27;[0;39m  &amp#27;[32mINFO &amp#27;[0;39m - &amp#27;[32mStarting CompletableFutureTest using Java 21.0.10 with PID 32480 (started by Elvina in C:\Users\Elvina\Documents\Sams software projects\JavaPlayground\SpringAsync\demo)
&amp#27;[0;39m&amp#27;[36m15:54:50&amp#27;[0;39m  &amp#27;[32mINFO &amp#27;[0;39m - &amp#27;[32mNo active profile set, falling back to 1 default profile: "default"
&amp#27;[0;39m&amp#27;[36m15:54:52&amp#27;[0;39m  &amp#27;[32mINFO &amp#27;[0;39m - &amp#27;[32mStarted CompletableFutureTest in 2.206 seconds (process running for 3.415)
&amp#27;[0;39m&amp#27;[36m15:54:53&amp#27;[0;39m  &amp#27;[32mINFO &amp#27;[0;39m - &amp#27;[32masynchronousContinuationMethods endpoint executed on thread: main
&amp#27;[0;39m&amp#27;[36m15:54:53&amp#27;[0;39m  &amp#27;[32mINFO &amp#27;[0;39m - &amp#27;[32mTask told to run async, executed on thread: ForkJoinPool.commonPool-worker-1
&amp#27;[0;39m&amp#27;[36m15:54:53&amp#27;[0;39m  &amp#27;[32mINFO &amp#27;[0;39m - &amp#27;[32mTask told to run sync, executed on thread: ForkJoinPool.commonPool-worker-1
&amp#27;[0;39m]]></system-out>
    <system-err><![CDATA[Mockito is currently self-attaching to enable the inline-mock-maker. This will no longer work in future releases of the JDK. Please add Mockito as an agent to your build what is described in Mockito's documentation: https://javadoc.io/doc/org.mockito/mockito-core/latest/org/mockito/Mockito.html#0.3
WARNING: A Java agent has been loaded dynamically (C:\Users\Elvina\.m2\repository\net\bytebuddy\byte-buddy-agent\1.15.11\byte-buddy-agent-1.15.11.jar)
WARNING: If a serviceability tool is in use, please run with -XX:+EnableDynamicAgentLoading to hide this warning
WARNING: If a serviceability tool is not in use, please run with -Djdk.instrument.traceUsage for more information
WARNING: Dynamic loading of agents will be disallowed by default in a future release
]]></system-err>
  </testcase>
  <testcase name="testSupplyAsyncDemo" classname="com.example.service.CompletableFutureTest" time="0.006">
    <system-out><![CDATA[&amp#27;[36m15:54:53&amp#27;[0;39m  &amp#27;[32mINFO &amp#27;[0;39m - &amp#27;[32msupplyAsyncDemo endpoint executed on thread: main
&amp#27;[0;39m&amp#27;[36m15:54:53&amp#27;[0;39m  &amp#27;[32mINFO &amp#27;[0;39m - &amp#27;[32mAsync task has completed, result is: supplier executed on thread: ForkJoinPool.commonPool-worker-1
&amp#27;[0;39m]]></system-out>
  </testcase>
  <testcase name="testSequentialAsyncTasksExample" classname="com.example.service.CompletableFutureTest" time="15.026">
    <system-out><![CDATA[&amp#27;[36m15:54:53&amp#27;[0;39m  &amp#27;[32mINFO &amp#27;[0;39m - &amp#27;[32msequentialAsyncTasksExample endpoint executed on thread: main
&amp#27;[0;39m&amp#27;[36m15:54:53&amp#27;[0;39m  &amp#27;[32mINFO &amp#27;[0;39m - &amp#27;[32mStarting processOrder in thread ForkJoinPool.commonPool-worker-1
&amp#27;[0;39m&amp#27;[36m15:54:53&amp#27;[0;39m  &amp#27;[32mINFO &amp#27;[0;39m - &amp#27;[32msequentialAsyncTasksExample function continuing doing stuff.. executed on thread: main
&amp#27;[0;39m&amp#27;[36m15:54:58&amp#27;[0;39m  &amp#27;[32mINFO &amp#27;[0;39m - &amp#27;[32mStarting processPayment in thread ForkJoinPool.commonPool-worker-1
&amp#27;[0;39m&amp#27;[36m15:55:03&amp#27;[0;39m  &amp#27;[32mINFO &amp#27;[0;39m - &amp#27;[32mStarting processDelivery in thread ForkJoinPool.commonPool-worker-1
&amp#27;[0;39m&amp#27;[36m15:55:08&amp#27;[0;39m  &amp#27;[32mINFO &amp#27;[0;39m - &amp#27;[32mAll async tasks have completed, final result is: Delivery processed
&amp#27;[0;39m]]></system-out>
  </testcase>
  <testcase name="testAsyncExceptionExample" classname="com.example.service.CompletableFutureTest" time="5.021">
    <system-out><![CDATA[&amp#27;[36m15:55:08&amp#27;[0;39m  &amp#27;[32mINFO &amp#27;[0;39m - &amp#27;[32masyncExceptionExample endpoint executed on thread: main
&amp#27;[0;39m&amp#27;[36m15:55:08&amp#27;[0;39m  &amp#27;[32mINFO &amp#27;[0;39m - &amp#27;[32mStarting processOrder in thread ForkJoinPool.commonPool-worker-1
&amp#27;[0;39m&amp#27;[36m15:55:13&amp#27;[0;39m  &amp#27;[32mINFO &amp#27;[0;39m - &amp#27;[32mHandling error, result: null, exception: java.util.concurrent.CompletionException: java.lang.RuntimeException: Payment failed
&amp#27;[0;39m&amp#27;[36m15:55:13&amp#27;[0;39m  &amp#27;[32mINFO &amp#27;[0;39m - &amp#27;[32mExceptionally() called, exception handled.
&amp#27;[0;39m&amp#27;[36m15:55:13&amp#27;[0;39m  &amp#27;[32mINFO &amp#27;[0;39m - &amp#27;[32mFinal result is: Default value
&amp#27;[0;39m]]></system-out>
  </testcase>
  <testcase name="testParallelAsyncTasksExample" classname="com.example.service.CompletableFutureTest" time="5.017">
    <system-out><![CDATA[&amp#27;[36m15:55:13&amp#27;[0;39m  &amp#27;[32mINFO &amp#27;[0;39m - &amp#27;[32mparallelAsyncTasksExample endpoint executed on thread: main
&amp#27;[0;39m&amp#27;[36m15:55:13&amp#27;[0;39m  &amp#27;[32mINFO &amp#27;[0;39m - &amp#27;[32mparallelAsyncTasksExample function continuing doing stuff.. executed on thread: main
&amp#27;[0;39m&amp#27;[36m15:55:13&amp#27;[0;39m  &amp#27;[32mINFO &amp#27;[0;39m - &amp#27;[32mStarting getRecommendations in thread ForkJoinPool.commonPool-worker-1
&amp#27;[0;39m&amp#27;[36m15:55:13&amp#27;[0;39m  &amp#27;[32mINFO &amp#27;[0;39m - &amp#27;[32mStarting getTrendingItems in thread ForkJoinPool.commonPool-worker-2
&amp#27;[0;39m&amp#27;[36m15:55:13&amp#27;[0;39m  &amp#27;[32mINFO &amp#27;[0;39m - &amp#27;[32mStarting getLatestDeals in thread ForkJoinPool.commonPool-worker-3
&amp#27;[0;39m&amp#27;[36m15:55:18&amp#27;[0;39m  &amp#27;[32mINFO &amp#27;[0;39m - &amp#27;[32mRecommendations: Some recommendations...
&amp#27;[0;39m&amp#27;[36m15:55:18&amp#27;[0;39m  &amp#27;[32mINFO &amp#27;[0;39m - &amp#27;[32mTrending items: Some trending items...
&amp#27;[0;39m&amp#27;[36m15:55:18&amp#27;[0;39m  &amp#27;[32mINFO &amp#27;[0;39m - &amp#27;[32mLatest deals: Some latest deals...
&amp#27;[0;39m&amp#27;[36m15:55:18&amp#27;[0;39m  &amp#27;[32mINFO &amp#27;[0;39m - &amp#27;[32mAll async tasks have completed!
&amp#27;[0;39m]]></system-out>
  </testcase>
  <testcase name="testSynchronousContinuationMethods" classname="com.example.service.CompletableFutureTest" time="0.006">
    <system-out><![CDATA[&amp#27;[36m15:55:18&amp#27;[0;39m  &amp#27;[32mINFO &amp#27;[0;39m - &amp#27;[32msynchronousContinuationMethods endpoint executed on thread: main
&amp#27;[0;39m&amp#27;[36m15:55:18&amp#27;[0;39m  &amp#27;[32mINFO &amp#27;[0;39m - &amp#27;[32mTask told to run async, executed on thread: ForkJoinPool.commonPool-worker-1
&amp#27;[0;39m&amp#27;[36m15:55:18&amp#27;[0;39m  &amp#27;[32mINFO &amp#27;[0;39m - &amp#27;[32mTask told to run sync, executed on thread: ForkJoinPool.commonPool-worker-1
&amp#27;[0;39m]]></system-out>
  </testcase>
</testsuite>