<?xml version="1.0" encoding="UTF-8"?>
<testsuite xmlns:xsi="http://www.w3.org/2001/XMLSchema-instance" xsi:noNamespaceSchemaLocation="https://maven.apache.org/surefire/maven-surefire-plugin/xsd/surefire-test-report.xsd" name="com.example.MyControllerTest" time="3.134" tests="4" errors="0" skipped="0" failures="0">
  <properties>
[...]
</properties>
  <testcase name="testCustomFilterGetSecured" classname="com.example.MyControllerTest" time="0.462"/>
  <testcase name="testCustomFilterPostIsDenied" classname="com.example.MyControllerTest" time="0.011"/>
  <testcase name="testCustomFilterGetUnsecured" classname="com.example.MyControllerTest" time="0.008"/>
  <testcase name="testCustomFilterPost" classname="com.example.MyControllerTest" time="0.007"/>
</testsuite>