<?xml version="1.0" encoding="UTF-8"?>
<testsuite xmlns:xsi="http://www.w3.org/2001/XMLSchema-instance" xsi:noNamespaceSchemaLocation="https://maven.apache.org/surefire/maven-surefire-plugin/xsd/surefire-test-report.xsd" name="com.example.SecurityTest" time="4.605" tests="5" errors="0" skipped="0" failures="0">
  <properties>
[...]
</properties>
  <testcase name="testPreauthorizeCustomCheckerFailure" classname="com.example.SecurityTest" time="0.809"/>
  <testcase name="testGet" classname="com.example.SecurityTest" time="0.041"/>
  <testcase name="testPost" classname="com.example.SecurityTest" time="0.015"/>
  <testcase name="testGetWithRole" classname="com.example.SecurityTest" time="0.009"/>
  <testcase name="testPreauthorizeCustomCheckerSuccess" classname="com.example.SecurityTest" time="0.009"/>
</testsuite>